"TimeCreated","Id","ProviderName","Message"
"2/11/2025 16:58:13","4625","Microsoft-Windows-Security-Auditing","Error de una cuenta al iniciar sesión.    Sujeto:  	Id. de seguridad:		S-1-5-18  	Nombre de cuenta:		DESKTOP-0QES960$  	Dominio de cuenta:		WORKGROUP  	Id. de inicio de sesión:		0x3E7    Tipo de inicio de sesión:			2    Cuenta con error de inicio de sesión:   	Id. de seguridad:		S-1-0-0  	Nombre de cuenta:		rc  	Dominio de cuenta:		DESKTOP-0QES960    Información de error:  	Motivo del error:		Nombre de usuario desconocido o contraseña incorrecta  	Estado:			0xC000006D  	Subestado:		0xC000006A    Información de proceso:  	Id. de proceso del autor de la llamada:	0x8a0  	Nombre de proceso del autor de la llamada:	C:\Windows\System32\svchost.exe    Información de red:  	Nombre de estación de trabajo:	DESKTOP-0QES960  	Dirección de red de origen:	127.0.0.1  	Puerto de origen:		0    Información de autenticación detallada:  	Proceso de inicio de sesión:		User32   	Paquete de autenticación:	Negotiate  	Servicios transitados:	-  	Nombre de paquete (solo NTLM):	-  	Longitud de clave:	0    Este evento se genera cuando se produce un error en una solicitud de inicio de sesión. Lo genera el equipo al que se intentó tener acceso.    Los campos de sujeto indican la cuenta del sistema local que solicitó el inicio de sesión. Suele ser un servicio como el servicio de servidor o un proceso local como Winlogon.exe o Services.exe.    El campo Tipo de inicio de sesión indica la clase de inicio de sesión que se solicitó. Los tipos más comunes son 2 (interactivo) y 3 (red).    Los campos Información de proceso indican la cuenta y el proceso en el sistema que solicitó el inicio de sesión.    Los campos Información de red indican dónde se originó una solicitud de inicio de sesión remota. Nombre de estación de trabajo no está siempre disponible y se puede dejar en blanco en algunos casos.    Los campos de información de autenticación proporcionan información detallada sobre esta solicitud de inicio de sesión específica.  	- Servicios transitados indica los servicios intermedios que participaron en esta solicitud de inicio de sesión.  	- Nombre de paquete indica el subprotocolo que se usó entre los protocolos NTLM.  	- Longitud de clave indica la longitud de la clave de sesión generada. Será 0 si no se solicitó una clave de sesión."
"30/10/2025 16:55:39","4625","Microsoft-Windows-Security-Auditing","Error de una cuenta al iniciar sesión.    Sujeto:  	Id. de seguridad:		S-1-5-18  	Nombre de cuenta:		DESKTOP-0QES960$  	Dominio de cuenta:		WORKGROUP  	Id. de inicio de sesión:		0x3E7    Tipo de inicio de sesión:			2    Cuenta con error de inicio de sesión:   	Id. de seguridad:		S-1-0-0  	Nombre de cuenta:		rc  	Dominio de cuenta:		DESKTOP-0QES960    Información de error:  	Motivo del error:		Nombre de usuario desconocido o contraseña incorrecta  	Estado:			0xC000006D  	Subestado:		0xC000006A    Información de proceso:  	Id. de proceso del autor de la llamada:	0x8d0  	Nombre de proceso del autor de la llamada:	C:\Windows\System32\svchost.exe    Información de red:  	Nombre de estación de trabajo:	DESKTOP-0QES960  	Dirección de red de origen:	127.0.0.1  	Puerto de origen:		0    Información de autenticación detallada:  	Proceso de inicio de sesión:		User32   	Paquete de autenticación:	Negotiate  	Servicios transitados:	-  	Nombre de paquete (solo NTLM):	-  	Longitud de clave:	0    Este evento se genera cuando se produce un error en una solicitud de inicio de sesión. Lo genera el equipo al que se intentó tener acceso.    Los campos de sujeto indican la cuenta del sistema local que solicitó el inicio de sesión. Suele ser un servicio como el servicio de servidor o un proceso local como Winlogon.exe o Services.exe.    El campo Tipo de inicio de sesión indica la clase de inicio de sesión que se solicitó. Los tipos más comunes son 2 (interactivo) y 3 (red).    Los campos Información de proceso indican la cuenta y el proceso en el sistema que solicitó el inicio de sesión.    Los campos Información de red indican dónde se originó una solicitud de inicio de sesión remota. Nombre de estación de trabajo no está siempre disponible y se puede dejar en blanco en algunos casos.    Los campos de información de autenticación proporcionan información detallada sobre esta solicitud de inicio de sesión específica.  	- Servicios transitados indica los servicios intermedios que participaron en esta solicitud de inicio de sesión.  	- Nombre de paquete indica el subprotocolo que se usó entre los protocolos NTLM.  	- Longitud de clave indica la longitud de la clave de sesión generada. Será 0 si no se solicitó una clave de sesión."
"3/11/2025 18:57:11","7045","Service Control Manager","Se instaló un servicio en el sistema.    Nombre del servicio:  amdkmdag  Nombre del archivo del servicio:  \SystemRoot\System32\DriverStore\FileRepository\u0339731.inf_amd64_904765cd2b7197d3\B339442\atikmdag.sys  Tipo de servicio:  controlador de modo kernel  Tipo de inicio de servicio:  inicio por solicitud  Cuenta de servicio:  "
"3/11/2025 18:57:11","7045","Service Control Manager","Se instaló un servicio en el sistema.    Nombre del servicio:  amdkmdap  Nombre del archivo del servicio:  \SystemRoot\System32\DriverStore\FileRepository\u0339731.inf_amd64_904765cd2b7197d3\B339442\atikmpag.sys  Tipo de servicio:  controlador de modo kernel  Tipo de inicio de servicio:  inicio por solicitud  Cuenta de servicio:  "
"3/11/2025 19:14:35","4672","Microsoft-Windows-Security-Auditing","Se asignaron privilegios especiales a un nuevo inicio de sesión.    Sujeto:  	Id. de seguridad:		S-1-5-18  	Nombre de cuenta:		SYSTEM  	Dominio de cuenta:		NT AUTHORITY  	Id. de inicio de sesión:		0x3E7    Privilegios:		SeAssignPrimaryTokenPrivilege  			SeTcbPrivilege  			SeSecurityPrivilege  			SeTakeOwnershipPrivilege  			SeLoadDriverPrivilege  			SeBackupPrivilege  			SeRestorePrivilege  			SeDebugPrivilege  			SeAuditPrivilege  			SeSystemEnvironmentPrivilege  			SeImpersonatePrivilege  			SeDelegateSessionUserImpersonatePrivilege"
"3/11/2025 19:14:30","4672","Microsoft-Windows-Security-Auditing","Se asignaron privilegios especiales a un nuevo inicio de sesión.    Sujeto:  	Id. de seguridad:		S-1-5-18  	Nombre de cuenta:		SYSTEM  	Dominio de cuenta:		NT AUTHORITY  	Id. de inicio de sesión:		0x3E7    Privilegios:		SeAssignPrimaryTokenPrivilege  			SeTcbPrivilege  			SeSecurityPrivilege  			SeTakeOwnershipPrivilege  			SeLoadDriverPrivilege  			SeBackupPrivilege  			SeRestorePrivilege  			SeDebugPrivilege  			SeAuditPrivilege  			SeSystemEnvironmentPrivilege  			SeImpersonatePrivilege  			SeDelegateSessionUserImpersonatePrivilege"
"3/11/2025 19:14:19","4672","Microsoft-Windows-Security-Auditing","Se asignaron privilegios especiales a un nuevo inicio de sesión.    Sujeto:  	Id. de seguridad:		S-1-5-18  	Nombre de cuenta:		SYSTEM  	Dominio de cuenta:		NT AUTHORITY  	Id. de inicio de sesión:		0x3E7    Privilegios:		SeAssignPrimaryTokenPrivilege  			SeTcbPrivilege  			SeSecurityPrivilege  			SeTakeOwnershipPrivilege  			SeLoadDriverPrivilege  			SeBackupPrivilege  			SeRestorePrivilege  			SeDebugPrivilege  			SeAuditPrivilege  			SeSystemEnvironmentPrivilege  			SeImpersonatePrivilege  			SeDelegateSessionUserImpersonatePrivilege"
"3/11/2025 19:14:19","4672","Microsoft-Windows-Security-Auditing","Se asignaron privilegios especiales a un nuevo inicio de sesión.    Sujeto:  	Id. de seguridad:		S-1-5-18  	Nombre de cuenta:		SYSTEM  	Dominio de cuenta:		NT AUTHORITY  	Id. de inicio de sesión:		0x3E7    Privilegios:		SeAssignPrimaryTokenPrivilege  			SeTcbPrivilege  			SeSecurityPrivilege  			SeTakeOwnershipPrivilege  			SeLoadDriverPrivilege  			SeBackupPrivilege  			SeRestorePrivilege  			SeDebugPrivilege  			SeAuditPrivilege  			SeSystemEnvironmentPrivilege  			SeImpersonatePrivilege  			SeDelegateSessionUserImpersonatePrivilege"
"3/11/2025 19:14:16","4672","Microsoft-Windows-Security-Auditing","Se asignaron privilegios especiales a un nuevo inicio de sesión.    Sujeto:  	Id. de seguridad:		S-1-5-18  	Nombre de cuenta:		SYSTEM  	Dominio de cuenta:		NT AUTHORITY  	Id. de inicio de sesión:		0x3E7    Privilegios:		SeAssignPrimaryTokenPrivilege  			SeTcbPrivilege  			SeSecurityPrivilege  			SeTakeOwnershipPrivilege  			SeLoadDriverPrivilege  			SeBackupPrivilege  			SeRestorePrivilege  			SeDebugPrivilege  			SeAuditPrivilege  			SeSystemEnvironmentPrivilege  			SeImpersonatePrivilege  			SeDelegateSessionUserImpersonatePrivilege"
"3/11/2025 19:11:32","4672","Microsoft-Windows-Security-Auditing","Se asignaron privilegios especiales a un nuevo inicio de sesión.    Sujeto:  	Id. de seguridad:		S-1-5-18  	Nombre de cuenta:		SYSTEM  	Dominio de cuenta:		NT AUTHORITY  	Id. de inicio de sesión:		0x3E7    Privilegios:		SeAssignPrimaryTokenPrivilege  			SeTcbPrivilege  			SeSecurityPrivilege  			SeTakeOwnershipPrivilege  			SeLoadDriverPrivilege  			SeBackupPrivilege  			SeRestorePrivilege  			SeDebugPrivilege  			SeAuditPrivilege  			SeSystemEnvironmentPrivilege  			SeImpersonatePrivilege  			SeDelegateSessionUserImpersonatePrivilege"
"3/11/2025 19:09:40","4672","Microsoft-Windows-Security-Auditing","Se asignaron privilegios especiales a un nuevo inicio de sesión.    Sujeto:  	Id. de seguridad:		S-1-5-18  	Nombre de cuenta:		SYSTEM  	Dominio de cuenta:		NT AUTHORITY  	Id. de inicio de sesión:		0x3E7    Privilegios:		SeAssignPrimaryTokenPrivilege  			SeTcbPrivilege  			SeSecurityPrivilege  			SeTakeOwnershipPrivilege  			SeLoadDriverPrivilege  			SeBackupPrivilege  			SeRestorePrivilege  			SeDebugPrivilege  			SeAuditPrivilege  			SeSystemEnvironmentPrivilege  			SeImpersonatePrivilege  			SeDelegateSessionUserImpersonatePrivilege"
"3/11/2025 19:06:53","4672","Microsoft-Windows-Security-Auditing","Se asignaron privilegios especiales a un nuevo inicio de sesión.    Sujeto:  	Id. de seguridad:		S-1-5-18  	Nombre de cuenta:		SYSTEM  	Dominio de cuenta:		NT AUTHORITY  	Id. de inicio de sesión:		0x3E7    Privilegios:		SeAssignPrimaryTokenPrivilege  			SeTcbPrivilege  			SeSecurityPrivilege  			SeTakeOwnershipPrivilege  			SeLoadDriverPrivilege  			SeBackupPrivilege  			SeRestorePrivilege  			SeDebugPrivilege  			SeAuditPrivilege  			SeSystemEnvironmentPrivilege  			SeImpersonatePrivilege  			SeDelegateSessionUserImpersonatePrivilege"
"3/11/2025 19:06:53","4672","Microsoft-Windows-Security-Auditing","Se asignaron privilegios especiales a un nuevo inicio de sesión.    Sujeto:  	Id. de seguridad:		S-1-5-18  	Nombre de cuenta:		SYSTEM  	Dominio de cuenta:		NT AUTHORITY  	Id. de inicio de sesión:		0x3E7    Privilegios:		SeAssignPrimaryTokenPrivilege  			SeTcbPrivilege  			SeSecurityPrivilege  			SeTakeOwnershipPrivilege  			SeLoadDriverPrivilege  			SeBackupPrivilege  			SeRestorePrivilege  			SeDebugPrivilege  			SeAuditPrivilege  			SeSystemEnvironmentPrivilege  			SeImpersonatePrivilege  			SeDelegateSessionUserImpersonatePrivilege"
"3/11/2025 19:06:52","4672","Microsoft-Windows-Security-Auditing","Se asignaron privilegios especiales a un nuevo inicio de sesión.    Sujeto:  	Id. de seguridad:		S-1-5-18  	Nombre de cuenta:		SYSTEM  	Dominio de cuenta:		NT AUTHORITY  	Id. de inicio de sesión:		0x3E7    Privilegios:		SeAssignPrimaryTokenPrivilege  			SeTcbPrivilege  			SeSecurityPrivilege  			SeTakeOwnershipPrivilege  			SeLoadDriverPrivilege  			SeBackupPrivilege  			SeRestorePrivilege  			SeDebugPrivilege  			SeAuditPrivilege  			SeSystemEnvironmentPrivilege  			SeImpersonatePrivilege  			SeDelegateSessionUserImpersonatePrivilege"
"3/11/2025 19:06:52","4672","Microsoft-Windows-Security-Auditing","Se asignaron privilegios especiales a un nuevo inicio de sesión.    Sujeto:  	Id. de seguridad:		S-1-5-18  	Nombre de cuenta:		SYSTEM  	Dominio de cuenta:		NT AUTHORITY  	Id. de inicio de sesión:		0x3E7    Privilegios:		SeAssignPrimaryTokenPrivilege  			SeTcbPrivilege  			SeSecurityPrivilege  			SeTakeOwnershipPrivilege  			SeLoadDriverPrivilege  			SeBackupPrivilege  			SeRestorePrivilege  			SeDebugPrivilege  			SeAuditPrivilege  			SeSystemEnvironmentPrivilege  			SeImpersonatePrivilege  			SeDelegateSessionUserImpersonatePrivilege"
"3/11/2025 19:06:52","4672","Microsoft-Windows-Security-Auditing","Se asignaron privilegios especiales a un nuevo inicio de sesión.    Sujeto:  	Id. de seguridad:		S-1-5-18  	Nombre de cuenta:		SYSTEM  	Dominio de cuenta:		NT AUTHORITY  	Id. de inicio de sesión:		0x3E7    Privilegios:		SeAssignPrimaryTokenPrivilege  			SeTcbPrivilege  			SeSecurityPrivilege  			SeTakeOwnershipPrivilege  			SeLoadDriverPrivilege  			SeBackupPrivilege  			SeRestorePrivilege  			SeDebugPrivilege  			SeAuditPrivilege  			SeSystemEnvironmentPrivilege  			SeImpersonatePrivilege  			SeDelegateSessionUserImpersonatePrivilege"
"3/11/2025 19:04:30","4672","Microsoft-Windows-Security-Auditing","Se asignaron privilegios especiales a un nuevo inicio de sesión.    Sujeto:  	Id. de seguridad:		S-1-5-18  	Nombre de cuenta:		SYSTEM  	Dominio de cuenta:		NT AUTHORITY  	Id. de inicio de sesión:		0x3E7    Privilegios:		SeAssignPrimaryTokenPrivilege  			SeTcbPrivilege  			SeSecurityPrivilege  			SeTakeOwnershipPrivilege  			SeLoadDriverPrivilege  			SeBackupPrivilege  			SeRestorePrivilege  			SeDebugPrivilege  			SeAuditPrivilege  			SeSystemEnvironmentPrivilege  			SeImpersonatePrivilege  			SeDelegateSessionUserImpersonatePrivilege"
"3/11/2025 19:04:29","4672","Microsoft-Windows-Security-Auditing","Se asignaron privilegios especiales a un nuevo inicio de sesión.    Sujeto:  	Id. de seguridad:		S-1-5-18  	Nombre de cuenta:		SYSTEM  	Dominio de cuenta:		NT AUTHORITY  	Id. de inicio de sesión:		0x3E7    Privilegios:		SeAssignPrimaryTokenPrivilege  			SeTcbPrivilege  			SeSecurityPrivilege  			SeTakeOwnershipPrivilege  			SeLoadDriverPrivilege  			SeBackupPrivilege  			SeRestorePrivilege  			SeDebugPrivilege  			SeAuditPrivilege  			SeSystemEnvironmentPrivilege  			SeImpersonatePrivilege  			SeDelegateSessionUserImpersonatePrivilege"
"3/11/2025 19:01:32","4672","Microsoft-Windows-Security-Auditing","Se asignaron privilegios especiales a un nuevo inicio de sesión.    Sujeto:  	Id. de seguridad:		S-1-5-18  	Nombre de cuenta:		SYSTEM  	Dominio de cuenta:		NT AUTHORITY  	Id. de inicio de sesión:		0x3E7    Privilegios:		SeAssignPrimaryTokenPrivilege  			SeTcbPrivilege  			SeSecurityPrivilege  			SeTakeOwnershipPrivilege  			SeLoadDriverPrivilege  			SeBackupPrivilege  			SeRestorePrivilege  			SeDebugPrivilege  			SeAuditPrivilege  			SeSystemEnvironmentPrivilege  			SeImpersonatePrivilege  			SeDelegateSessionUserImpersonatePrivilege"
"3/11/2025 19:01:32","4672","Microsoft-Windows-Security-Auditing","Se asignaron privilegios especiales a un nuevo inicio de sesión.    Sujeto:  	Id. de seguridad:		S-1-5-18  	Nombre de cuenta:		SYSTEM  	Dominio de cuenta:		NT AUTHORITY  	Id. de inicio de sesión:		0x3E7    Privilegios:		SeAssignPrimaryTokenPrivilege  			SeTcbPrivilege  			SeSecurityPrivilege  			SeTakeOwnershipPrivilege  			SeLoadDriverPrivilege  			SeBackupPrivilege  			SeRestorePrivilege  			SeDebugPrivilege  			SeAuditPrivilege  			SeSystemEnvironmentPrivilege  			SeImpersonatePrivilege  			SeDelegateSessionUserImpersonatePrivilege"
"3/11/2025 19:01:32","4672","Microsoft-Windows-Security-Auditing","Se asignaron privilegios especiales a un nuevo inicio de sesión.    Sujeto:  	Id. de seguridad:		S-1-5-18  	Nombre de cuenta:		SYSTEM  	Dominio de cuenta:		NT AUTHORITY  	Id. de inicio de sesión:		0x3E7    Privilegios:		SeAssignPrimaryTokenPrivilege  			SeTcbPrivilege  			SeSecurityPrivilege  			SeTakeOwnershipPrivilege  			SeLoadDriverPrivilege  			SeBackupPrivilege  			SeRestorePrivilege  			SeDebugPrivilege  			SeAuditPrivilege  			SeSystemEnvironmentPrivilege  			SeImpersonatePrivilege  			SeDelegateSessionUserImpersonatePrivilege"
"3/11/2025 19:01:32","4672","Microsoft-Windows-Security-Auditing","Se asignaron privilegios especiales a un nuevo inicio de sesión.    Sujeto:  	Id. de seguridad:		S-1-5-18  	Nombre de cuenta:		SYSTEM  	Dominio de cuenta:		NT AUTHORITY  	Id. de inicio de sesión:		0x3E7    Privilegios:		SeAssignPrimaryTokenPrivilege  			SeTcbPrivilege  			SeSecurityPrivilege  			SeTakeOwnershipPrivilege  			SeLoadDriverPrivilege  			SeBackupPrivilege  			SeRestorePrivilege  			SeDebugPrivilege  			SeAuditPrivilege  			SeSystemEnvironmentPrivilege  			SeImpersonatePrivilege  			SeDelegateSessionUserImpersonatePrivilege"
"3/11/2025 19:01:31","4672","Microsoft-Windows-Security-Auditing","Se asignaron privilegios especiales a un nuevo inicio de sesión.    Sujeto:  	Id. de seguridad:		S-1-5-80-524291843-1523408276-1318051691-2082692634-3480122274  	Nombre de cuenta:		SQLTELEMETRY$IESERH  	Dominio de cuenta:		NT Service  	Id. de inicio de sesión:		0x2EA95C    Privilegios:		SeImpersonatePrivilege"
"3/11/2025 19:01:31","4672","Microsoft-Windows-Security-Auditing","Se asignaron privilegios especiales a un nuevo inicio de sesión.    Sujeto:  	Id. de seguridad:		S-1-5-80-2652535364-2169709536-2857650723-2622804123-1107741775  	Nombre de cuenta:		SQLTELEMETRY  	Dominio de cuenta:		NT Service  	Id. de inicio de sesión:		0x2E9BB1    Privilegios:		SeImpersonatePrivilege"
"3/11/2025 19:01:26","4672","Microsoft-Windows-Security-Auditing","Se asignaron privilegios especiales a un nuevo inicio de sesión.    Sujeto:  	Id. de seguridad:		S-1-5-80-3880718306-3832830129-1677859214-2598158968-1052248003  	Nombre de cuenta:		MSSQLSERVER  	Dominio de cuenta:		NT Service  	Id. de inicio de sesión:		0x2DDDC5    Privilegios:		SeAssignPrimaryTokenPrivilege  			SeImpersonatePrivilege"
"3/11/2025 19:01:25","4672","Microsoft-Windows-Security-Auditing","Se asignaron privilegios especiales a un nuevo inicio de sesión.    Sujeto:  	Id. de seguridad:		S-1-5-80-2751160781-3430821558-3244251204-48020771-1470692510  	Nombre de cuenta:		MSSQL$IESERH  	Dominio de cuenta:		NT Service  	Id. de inicio de sesión:		0x2D9688    Privilegios:		SeAssignPrimaryTokenPrivilege  			SeImpersonatePrivilege"
"3/11/2025 19:01:24","4672","Microsoft-Windows-Security-Auditing","Se asignaron privilegios especiales a un nuevo inicio de sesión.    Sujeto:  	Id. de seguridad:		S-1-5-18  	Nombre de cuenta:		SYSTEM  	Dominio de cuenta:		NT AUTHORITY  	Id. de inicio de sesión:		0x3E7    Privilegios:		SeAssignPrimaryTokenPrivilege  			SeTcbPrivilege  			SeSecurityPrivilege  			SeTakeOwnershipPrivilege  			SeLoadDriverPrivilege  			SeBackupPrivilege  			SeRestorePrivilege  			SeDebugPrivilege  			SeAuditPrivilege  			SeSystemEnvironmentPrivilege  			SeImpersonatePrivilege  			SeDelegateSessionUserImpersonatePrivilege"
"3/11/2025 19:01:24","4672","Microsoft-Windows-Security-Auditing","Se asignaron privilegios especiales a un nuevo inicio de sesión.    Sujeto:  	Id. de seguridad:		S-1-5-18  	Nombre de cuenta:		SYSTEM  	Dominio de cuenta:		NT AUTHORITY  	Id. de inicio de sesión:		0x3E7    Privilegios:		SeAssignPrimaryTokenPrivilege  			SeTcbPrivilege  			SeSecurityPrivilege  			SeTakeOwnershipPrivilege  			SeLoadDriverPrivilege  			SeBackupPrivilege  			SeRestorePrivilege  			SeDebugPrivilege  			SeAuditPrivilege  			SeSystemEnvironmentPrivilege  			SeImpersonatePrivilege  			SeDelegateSessionUserImpersonatePrivilege"
"3/11/2025 19:01:17","4672","Microsoft-Windows-Security-Auditing","Se asignaron privilegios especiales a un nuevo inicio de sesión.    Sujeto:  	Id. de seguridad:		S-1-5-18  	Nombre de cuenta:		SYSTEM  	Dominio de cuenta:		NT AUTHORITY  	Id. de inicio de sesión:		0x3E7    Privilegios:		SeAssignPrimaryTokenPrivilege  			SeTcbPrivilege  			SeSecurityPrivilege  			SeTakeOwnershipPrivilege  			SeLoadDriverPrivilege  			SeBackupPrivilege  			SeRestorePrivilege  			SeDebugPrivilege  			SeAuditPrivilege  			SeSystemEnvironmentPrivilege  			SeImpersonatePrivilege  			SeDelegateSessionUserImpersonatePrivilege"
"3/11/2025 19:00:22","4672","Microsoft-Windows-Security-Auditing","Se asignaron privilegios especiales a un nuevo inicio de sesión.    Sujeto:  	Id. de seguridad:		S-1-5-18  	Nombre de cuenta:		SYSTEM  	Dominio de cuenta:		NT AUTHORITY  	Id. de inicio de sesión:		0x3E7    Privilegios:		SeAssignPrimaryTokenPrivilege  			SeTcbPrivilege  			SeSecurityPrivilege  			SeTakeOwnershipPrivilege  			SeLoadDriverPrivilege  			SeBackupPrivilege  			SeRestorePrivilege  			SeDebugPrivilege  			SeAuditPrivilege  			SeSystemEnvironmentPrivilege  			SeImpersonatePrivilege  			SeDelegateSessionUserImpersonatePrivilege"
"3/11/2025 19:00:18","4672","Microsoft-Windows-Security-Auditing","Se asignaron privilegios especiales a un nuevo inicio de sesión.    Sujeto:  	Id. de seguridad:		S-1-5-18  	Nombre de cuenta:		SYSTEM  	Dominio de cuenta:		NT AUTHORITY  	Id. de inicio de sesión:		0x3E7    Privilegios:		SeAssignPrimaryTokenPrivilege  			SeTcbPrivilege  			SeSecurityPrivilege  			SeTakeOwnershipPrivilege  			SeLoadDriverPrivilege  			SeBackupPrivilege  			SeRestorePrivilege  			SeDebugPrivilege  			SeAuditPrivilege  			SeSystemEnvironmentPrivilege  			SeImpersonatePrivilege  			SeDelegateSessionUserImpersonatePrivilege"
"3/11/2025 18:59:50","4672","Microsoft-Windows-Security-Auditing","Se asignaron privilegios especiales a un nuevo inicio de sesión.    Sujeto:  	Id. de seguridad:		S-1-5-18  	Nombre de cuenta:		SYSTEM  	Dominio de cuenta:		NT AUTHORITY  	Id. de inicio de sesión:		0x3E7    Privilegios:		SeAssignPrimaryTokenPrivilege  			SeTcbPrivilege  			SeSecurityPrivilege  			SeTakeOwnershipPrivilege  			SeLoadDriverPrivilege  			SeBackupPrivilege  			SeRestorePrivilege  			SeDebugPrivilege  			SeAuditPrivilege  			SeSystemEnvironmentPrivilege  			SeImpersonatePrivilege  			SeDelegateSessionUserImpersonatePrivilege"
"3/11/2025 18:59:50","4672","Microsoft-Windows-Security-Auditing","Se asignaron privilegios especiales a un nuevo inicio de sesión.    Sujeto:  	Id. de seguridad:		S-1-5-18  	Nombre de cuenta:		SYSTEM  	Dominio de cuenta:		NT AUTHORITY  	Id. de inicio de sesión:		0x3E7    Privilegios:		SeAssignPrimaryTokenPrivilege  			SeTcbPrivilege  			SeSecurityPrivilege  			SeTakeOwnershipPrivilege  			SeLoadDriverPrivilege  			SeBackupPrivilege  			SeRestorePrivilege  			SeDebugPrivilege  			SeAuditPrivilege  			SeSystemEnvironmentPrivilege  			SeImpersonatePrivilege  			SeDelegateSessionUserImpersonatePrivilege"
"3/11/2025 18:59:40","4672","Microsoft-Windows-Security-Auditing","Se asignaron privilegios especiales a un nuevo inicio de sesión.    Sujeto:  	Id. de seguridad:		S-1-5-18  	Nombre de cuenta:		SYSTEM  	Dominio de cuenta:		NT AUTHORITY  	Id. de inicio de sesión:		0x3E7    Privilegios:		SeAssignPrimaryTokenPrivilege  			SeTcbPrivilege  			SeSecurityPrivilege  			SeTakeOwnershipPrivilege  			SeLoadDriverPrivilege  			SeBackupPrivilege  			SeRestorePrivilege  			SeDebugPrivilege  			SeAuditPrivilege  			SeSystemEnvironmentPrivilege  			SeImpersonatePrivilege  			SeDelegateSessionUserImpersonatePrivilege"
"3/11/2025 18:59:36","4672","Microsoft-Windows-Security-Auditing","Se asignaron privilegios especiales a un nuevo inicio de sesión.    Sujeto:  	Id. de seguridad:		S-1-5-18  	Nombre de cuenta:		SYSTEM  	Dominio de cuenta:		NT AUTHORITY  	Id. de inicio de sesión:		0x3E7    Privilegios:		SeAssignPrimaryTokenPrivilege  			SeTcbPrivilege  			SeSecurityPrivilege  			SeTakeOwnershipPrivilege  			SeLoadDriverPrivilege  			SeBackupPrivilege  			SeRestorePrivilege  			SeDebugPrivilege  			SeAuditPrivilege  			SeSystemEnvironmentPrivilege  			SeImpersonatePrivilege  			SeDelegateSessionUserImpersonatePrivilege"
"3/11/2025 18:59:34","4672","Microsoft-Windows-Security-Auditing","Se asignaron privilegios especiales a un nuevo inicio de sesión.    Sujeto:  	Id. de seguridad:		S-1-5-18  	Nombre de cuenta:		SYSTEM  	Dominio de cuenta:		NT AUTHORITY  	Id. de inicio de sesión:		0x3E7    Privilegios:		SeAssignPrimaryTokenPrivilege  			SeTcbPrivilege  			SeSecurityPrivilege  			SeTakeOwnershipPrivilege  			SeLoadDriverPrivilege  			SeBackupPrivilege  			SeRestorePrivilege  			SeDebugPrivilege  			SeAuditPrivilege  			SeSystemEnvironmentPrivilege  			SeImpersonatePrivilege  			SeDelegateSessionUserImpersonatePrivilege"
"3/11/2025 18:59:31","4672","Microsoft-Windows-Security-Auditing","Se asignaron privilegios especiales a un nuevo inicio de sesión.    Sujeto:  	Id. de seguridad:		S-1-5-18  	Nombre de cuenta:		SYSTEM  	Dominio de cuenta:		NT AUTHORITY  	Id. de inicio de sesión:		0x3E7    Privilegios:		SeAssignPrimaryTokenPrivilege  			SeTcbPrivilege  			SeSecurityPrivilege  			SeTakeOwnershipPrivilege  			SeLoadDriverPrivilege  			SeBackupPrivilege  			SeRestorePrivilege  			SeDebugPrivilege  			SeAuditPrivilege  			SeSystemEnvironmentPrivilege  			SeImpersonatePrivilege  			SeDelegateSessionUserImpersonatePrivilege"
"3/11/2025 18:59:30","4672","Microsoft-Windows-Security-Auditing","Se asignaron privilegios especiales a un nuevo inicio de sesión.    Sujeto:  	Id. de seguridad:		S-1-5-18  	Nombre de cuenta:		SYSTEM  	Dominio de cuenta:		NT AUTHORITY  	Id. de inicio de sesión:		0x3E7    Privilegios:		SeAssignPrimaryTokenPrivilege  			SeTcbPrivilege  			SeSecurityPrivilege  			SeTakeOwnershipPrivilege  			SeLoadDriverPrivilege  			SeBackupPrivilege  			SeRestorePrivilege  			SeDebugPrivilege  			SeAuditPrivilege  			SeSystemEnvironmentPrivilege  			SeImpersonatePrivilege  			SeDelegateSessionUserImpersonatePrivilege"
"3/11/2025 18:59:30","4672","Microsoft-Windows-Security-Auditing","Se asignaron privilegios especiales a un nuevo inicio de sesión.    Sujeto:  	Id. de seguridad:		S-1-5-18  	Nombre de cuenta:		SYSTEM  	Dominio de cuenta:		NT AUTHORITY  	Id. de inicio de sesión:		0x3E7    Privilegios:		SeAssignPrimaryTokenPrivilege  			SeTcbPrivilege  			SeSecurityPrivilege  			SeTakeOwnershipPrivilege  			SeLoadDriverPrivilege  			SeBackupPrivilege  			SeRestorePrivilege  			SeDebugPrivilege  			SeAuditPrivilege  			SeSystemEnvironmentPrivilege  			SeImpersonatePrivilege  			SeDelegateSessionUserImpersonatePrivilege"
"3/11/2025 18:59:29","4672","Microsoft-Windows-Security-Auditing","Se asignaron privilegios especiales a un nuevo inicio de sesión.    Sujeto:  	Id. de seguridad:		S-1-5-18  	Nombre de cuenta:		SYSTEM  	Dominio de cuenta:		NT AUTHORITY  	Id. de inicio de sesión:		0x3E7    Privilegios:		SeAssignPrimaryTokenPrivilege  			SeTcbPrivilege  			SeSecurityPrivilege  			SeTakeOwnershipPrivilege  			SeLoadDriverPrivilege  			SeBackupPrivilege  			SeRestorePrivilege  			SeDebugPrivilege  			SeAuditPrivilege  			SeSystemEnvironmentPrivilege  			SeImpersonatePrivilege  			SeDelegateSessionUserImpersonatePrivilege"
"3/11/2025 18:59:29","4672","Microsoft-Windows-Security-Auditing","Se asignaron privilegios especiales a un nuevo inicio de sesión.    Sujeto:  	Id. de seguridad:		S-1-5-18  	Nombre de cuenta:		SYSTEM  	Dominio de cuenta:		NT AUTHORITY  	Id. de inicio de sesión:		0x3E7    Privilegios:		SeAssignPrimaryTokenPrivilege  			SeTcbPrivilege  			SeSecurityPrivilege  			SeTakeOwnershipPrivilege  			SeLoadDriverPrivilege  			SeBackupPrivilege  			SeRestorePrivilege  			SeDebugPrivilege  			SeAuditPrivilege  			SeSystemEnvironmentPrivilege  			SeImpersonatePrivilege  			SeDelegateSessionUserImpersonatePrivilege"
"3/11/2025 18:59:29","4672","Microsoft-Windows-Security-Auditing","Se asignaron privilegios especiales a un nuevo inicio de sesión.    Sujeto:  	Id. de seguridad:		S-1-5-18  	Nombre de cuenta:		SYSTEM  	Dominio de cuenta:		NT AUTHORITY  	Id. de inicio de sesión:		0x3E7    Privilegios:		SeAssignPrimaryTokenPrivilege  			SeTcbPrivilege  			SeSecurityPrivilege  			SeTakeOwnershipPrivilege  			SeLoadDriverPrivilege  			SeBackupPrivilege  			SeRestorePrivilege  			SeDebugPrivilege  			SeAuditPrivilege  			SeSystemEnvironmentPrivilege  			SeImpersonatePrivilege  			SeDelegateSessionUserImpersonatePrivilege"
"3/11/2025 18:59:28","4672","Microsoft-Windows-Security-Auditing","Se asignaron privilegios especiales a un nuevo inicio de sesión.    Sujeto:  	Id. de seguridad:		S-1-5-21-2255626237-233120286-3247515200-1001  	Nombre de cuenta:		rc  	Dominio de cuenta:		DESKTOP-0QES960  	Id. de inicio de sesión:		0x9966F    Privilegios:		SeSecurityPrivilege  			SeTakeOwnershipPrivilege  			SeLoadDriverPrivilege  			SeBackupPrivilege  			SeRestorePrivilege  			SeDebugPrivilege  			SeSystemEnvironmentPrivilege  			SeImpersonatePrivilege  			SeDelegateSessionUserImpersonatePrivilege"
"3/11/2025 18:59:26","4672","Microsoft-Windows-Security-Auditing","Se asignaron privilegios especiales a un nuevo inicio de sesión.    Sujeto:  	Id. de seguridad:		S-1-5-18  	Nombre de cuenta:		SYSTEM  	Dominio de cuenta:		NT AUTHORITY  	Id. de inicio de sesión:		0x3E7    Privilegios:		SeAssignPrimaryTokenPrivilege  			SeTcbPrivilege  			SeSecurityPrivilege  			SeTakeOwnershipPrivilege  			SeLoadDriverPrivilege  			SeBackupPrivilege  			SeRestorePrivilege  			SeDebugPrivilege  			SeAuditPrivilege  			SeSystemEnvironmentPrivilege  			SeImpersonatePrivilege  			SeDelegateSessionUserImpersonatePrivilege"
"3/11/2025 18:59:24","4672","Microsoft-Windows-Security-Auditing","Se asignaron privilegios especiales a un nuevo inicio de sesión.    Sujeto:  	Id. de seguridad:		S-1-5-18  	Nombre de cuenta:		SYSTEM  	Dominio de cuenta:		NT AUTHORITY  	Id. de inicio de sesión:		0x3E7    Privilegios:		SeAssignPrimaryTokenPrivilege  			SeTcbPrivilege  			SeSecurityPrivilege  			SeTakeOwnershipPrivilege  			SeLoadDriverPrivilege  			SeBackupPrivilege  			SeRestorePrivilege  			SeDebugPrivilege  			SeAuditPrivilege  			SeSystemEnvironmentPrivilege  			SeImpersonatePrivilege  			SeDelegateSessionUserImpersonatePrivilege"
"3/11/2025 18:59:24","4672","Microsoft-Windows-Security-Auditing","Se asignaron privilegios especiales a un nuevo inicio de sesión.    Sujeto:  	Id. de seguridad:		S-1-5-18  	Nombre de cuenta:		SYSTEM  	Dominio de cuenta:		NT AUTHORITY  	Id. de inicio de sesión:		0x3E7    Privilegios:		SeAssignPrimaryTokenPrivilege  			SeTcbPrivilege  			SeSecurityPrivilege  			SeTakeOwnershipPrivilege  			SeLoadDriverPrivilege  			SeBackupPrivilege  			SeRestorePrivilege  			SeDebugPrivilege  			SeAuditPrivilege  			SeSystemEnvironmentPrivilege  			SeImpersonatePrivilege  			SeDelegateSessionUserImpersonatePrivilege"
"3/11/2025 18:59:24","4672","Microsoft-Windows-Security-Auditing","Se asignaron privilegios especiales a un nuevo inicio de sesión.    Sujeto:  	Id. de seguridad:		S-1-5-18  	Nombre de cuenta:		SYSTEM  	Dominio de cuenta:		NT AUTHORITY  	Id. de inicio de sesión:		0x3E7    Privilegios:		SeAssignPrimaryTokenPrivilege  			SeTcbPrivilege  			SeSecurityPrivilege  			SeTakeOwnershipPrivilege  			SeLoadDriverPrivilege  			SeBackupPrivilege  			SeRestorePrivilege  			SeDebugPrivilege  			SeAuditPrivilege  			SeSystemEnvironmentPrivilege  			SeImpersonatePrivilege  			SeDelegateSessionUserImpersonatePrivilege"
"3/11/2025 18:59:24","4672","Microsoft-Windows-Security-Auditing","Se asignaron privilegios especiales a un nuevo inicio de sesión.    Sujeto:  	Id. de seguridad:		S-1-5-18  	Nombre de cuenta:		SYSTEM  	Dominio de cuenta:		NT AUTHORITY  	Id. de inicio de sesión:		0x3E7    Privilegios:		SeAssignPrimaryTokenPrivilege  			SeTcbPrivilege  			SeSecurityPrivilege  			SeTakeOwnershipPrivilege  			SeLoadDriverPrivilege  			SeBackupPrivilege  			SeRestorePrivilege  			SeDebugPrivilege  			SeAuditPrivilege  			SeSystemEnvironmentPrivilege  			SeImpersonatePrivilege  			SeDelegateSessionUserImpersonatePrivilege"
"3/11/2025 18:59:24","4672","Microsoft-Windows-Security-Auditing","Se asignaron privilegios especiales a un nuevo inicio de sesión.    Sujeto:  	Id. de seguridad:		S-1-5-18  	Nombre de cuenta:		SYSTEM  	Dominio de cuenta:		NT AUTHORITY  	Id. de inicio de sesión:		0x3E7    Privilegios:		SeAssignPrimaryTokenPrivilege  			SeTcbPrivilege  			SeSecurityPrivilege  			SeTakeOwnershipPrivilege  			SeLoadDriverPrivilege  			SeBackupPrivilege  			SeRestorePrivilege  			SeDebugPrivilege  			SeAuditPrivilege  			SeSystemEnvironmentPrivilege  			SeImpersonatePrivilege  			SeDelegateSessionUserImpersonatePrivilege"
"3/11/2025 18:59:21","4672","Microsoft-Windows-Security-Auditing","Se asignaron privilegios especiales a un nuevo inicio de sesión.    Sujeto:  	Id. de seguridad:		S-1-5-18  	Nombre de cuenta:		SYSTEM  	Dominio de cuenta:		NT AUTHORITY  	Id. de inicio de sesión:		0x3E7    Privilegios:		SeAssignPrimaryTokenPrivilege  			SeTcbPrivilege  			SeSecurityPrivilege  			SeTakeOwnershipPrivilege  			SeLoadDriverPrivilege  			SeBackupPrivilege  			SeRestorePrivilege  			SeDebugPrivilege  			SeAuditPrivilege  			SeSystemEnvironmentPrivilege  			SeImpersonatePrivilege  			SeDelegateSessionUserImpersonatePrivilege"
"3/11/2025 18:59:20","4672","Microsoft-Windows-Security-Auditing","Se asignaron privilegios especiales a un nuevo inicio de sesión.    Sujeto:  	Id. de seguridad:		S-1-5-18  	Nombre de cuenta:		SYSTEM  	Dominio de cuenta:		NT AUTHORITY  	Id. de inicio de sesión:		0x3E7    Privilegios:		SeAssignPrimaryTokenPrivilege  			SeTcbPrivilege  			SeSecurityPrivilege  			SeTakeOwnershipPrivilege  			SeLoadDriverPrivilege  			SeBackupPrivilege  			SeRestorePrivilege  			SeDebugPrivilege  			SeAuditPrivilege  			SeSystemEnvironmentPrivilege  			SeImpersonatePrivilege  			SeDelegateSessionUserImpersonatePrivilege"
"3/11/2025 18:59:20","4672","Microsoft-Windows-Security-Auditing","Se asignaron privilegios especiales a un nuevo inicio de sesión.    Sujeto:  	Id. de seguridad:		S-1-5-18  	Nombre de cuenta:		SYSTEM  	Dominio de cuenta:		NT AUTHORITY  	Id. de inicio de sesión:		0x3E7    Privilegios:		SeAssignPrimaryTokenPrivilege  			SeTcbPrivilege  			SeSecurityPrivilege  			SeTakeOwnershipPrivilege  			SeLoadDriverPrivilege  			SeBackupPrivilege  			SeRestorePrivilege  			SeDebugPrivilege  			SeAuditPrivilege  			SeSystemEnvironmentPrivilege  			SeImpersonatePrivilege  			SeDelegateSessionUserImpersonatePrivilege"
"3/11/2025 18:59:16","4672","Microsoft-Windows-Security-Auditing","Se asignaron privilegios especiales a un nuevo inicio de sesión.    Sujeto:  	Id. de seguridad:		S-1-5-18  	Nombre de cuenta:		SYSTEM  	Dominio de cuenta:		NT AUTHORITY  	Id. de inicio de sesión:		0x3E7    Privilegios:		SeAssignPrimaryTokenPrivilege  			SeTcbPrivilege  			SeSecurityPrivilege  			SeTakeOwnershipPrivilege  			SeLoadDriverPrivilege  			SeBackupPrivilege  			SeRestorePrivilege  			SeDebugPrivilege  			SeAuditPrivilege  			SeSystemEnvironmentPrivilege  			SeImpersonatePrivilege  			SeDelegateSessionUserImpersonatePrivilege"
"3/11/2025 18:59:16","4672","Microsoft-Windows-Security-Auditing","Se asignaron privilegios especiales a un nuevo inicio de sesión.    Sujeto:  	Id. de seguridad:		S-1-5-18  	Nombre de cuenta:		SYSTEM  	Dominio de cuenta:		NT AUTHORITY  	Id. de inicio de sesión:		0x3E7    Privilegios:		SeAssignPrimaryTokenPrivilege  			SeTcbPrivilege  			SeSecurityPrivilege  			SeTakeOwnershipPrivilege  			SeLoadDriverPrivilege  			SeBackupPrivilege  			SeRestorePrivilege  			SeDebugPrivilege  			SeAuditPrivilege  			SeSystemEnvironmentPrivilege  			SeImpersonatePrivilege  			SeDelegateSessionUserImpersonatePrivilege"
"3/11/2025 18:59:16","4672","Microsoft-Windows-Security-Auditing","Se asignaron privilegios especiales a un nuevo inicio de sesión.    Sujeto:  	Id. de seguridad:		S-1-5-18  	Nombre de cuenta:		SYSTEM  	Dominio de cuenta:		NT AUTHORITY  	Id. de inicio de sesión:		0x3E7    Privilegios:		SeAssignPrimaryTokenPrivilege  			SeTcbPrivilege  			SeSecurityPrivilege  			SeTakeOwnershipPrivilege  			SeLoadDriverPrivilege  			SeBackupPrivilege  			SeRestorePrivilege  			SeDebugPrivilege  			SeAuditPrivilege  			SeSystemEnvironmentPrivilege  			SeImpersonatePrivilege  			SeDelegateSessionUserImpersonatePrivilege"
"3/11/2025 18:59:16","4672","Microsoft-Windows-Security-Auditing","Se asignaron privilegios especiales a un nuevo inicio de sesión.    Sujeto:  	Id. de seguridad:		S-1-5-18  	Nombre de cuenta:		SYSTEM  	Dominio de cuenta:		NT AUTHORITY  	Id. de inicio de sesión:		0x3E7    Privilegios:		SeAssignPrimaryTokenPrivilege  			SeTcbPrivilege  			SeSecurityPrivilege  			SeTakeOwnershipPrivilege  			SeLoadDriverPrivilege  			SeBackupPrivilege  			SeRestorePrivilege  			SeDebugPrivilege  			SeAuditPrivilege  			SeSystemEnvironmentPrivilege  			SeImpersonatePrivilege  			SeDelegateSessionUserImpersonatePrivilege"
"3/11/2025 18:59:16","4672","Microsoft-Windows-Security-Auditing","Se asignaron privilegios especiales a un nuevo inicio de sesión.    Sujeto:  	Id. de seguridad:		S-1-5-18  	Nombre de cuenta:		SYSTEM  	Dominio de cuenta:		NT AUTHORITY  	Id. de inicio de sesión:		0x3E7    Privilegios:		SeAssignPrimaryTokenPrivilege  			SeTcbPrivilege  			SeSecurityPrivilege  			SeTakeOwnershipPrivilege  			SeLoadDriverPrivilege  			SeBackupPrivilege  			SeRestorePrivilege  			SeDebugPrivilege  			SeAuditPrivilege  			SeSystemEnvironmentPrivilege  			SeImpersonatePrivilege  			SeDelegateSessionUserImpersonatePrivilege"
"3/11/2025 18:59:16","4672","Microsoft-Windows-Security-Auditing","Se asignaron privilegios especiales a un nuevo inicio de sesión.    Sujeto:  	Id. de seguridad:		S-1-5-18  	Nombre de cuenta:		SYSTEM  	Dominio de cuenta:		NT AUTHORITY  	Id. de inicio de sesión:		0x3E7    Privilegios:		SeAssignPrimaryTokenPrivilege  			SeTcbPrivilege  			SeSecurityPrivilege  			SeTakeOwnershipPrivilege  			SeLoadDriverPrivilege  			SeBackupPrivilege  			SeRestorePrivilege  			SeDebugPrivilege  			SeAuditPrivilege  			SeSystemEnvironmentPrivilege  			SeImpersonatePrivilege  			SeDelegateSessionUserImpersonatePrivilege"
"3/11/2025 18:59:16","4672","Microsoft-Windows-Security-Auditing","Se asignaron privilegios especiales a un nuevo inicio de sesión.    Sujeto:  	Id. de seguridad:		S-1-5-18  	Nombre de cuenta:		SYSTEM  	Dominio de cuenta:		NT AUTHORITY  	Id. de inicio de sesión:		0x3E7    Privilegios:		SeAssignPrimaryTokenPrivilege  			SeTcbPrivilege  			SeSecurityPrivilege  			SeTakeOwnershipPrivilege  			SeLoadDriverPrivilege  			SeBackupPrivilege  			SeRestorePrivilege  			SeDebugPrivilege  			SeAuditPrivilege  			SeSystemEnvironmentPrivilege  			SeImpersonatePrivilege  			SeDelegateSessionUserImpersonatePrivilege"
"3/11/2025 18:59:16","4672","Microsoft-Windows-Security-Auditing","Se asignaron privilegios especiales a un nuevo inicio de sesión.    Sujeto:  	Id. de seguridad:		S-1-5-18  	Nombre de cuenta:		SYSTEM  	Dominio de cuenta:		NT AUTHORITY  	Id. de inicio de sesión:		0x3E7    Privilegios:		SeAssignPrimaryTokenPrivilege  			SeTcbPrivilege  			SeSecurityPrivilege  			SeTakeOwnershipPrivilege  			SeLoadDriverPrivilege  			SeBackupPrivilege  			SeRestorePrivilege  			SeDebugPrivilege  			SeAuditPrivilege  			SeSystemEnvironmentPrivilege  			SeImpersonatePrivilege  			SeDelegateSessionUserImpersonatePrivilege"
"3/11/2025 18:59:16","4672","Microsoft-Windows-Security-Auditing","Se asignaron privilegios especiales a un nuevo inicio de sesión.    Sujeto:  	Id. de seguridad:		S-1-5-18  	Nombre de cuenta:		SYSTEM  	Dominio de cuenta:		NT AUTHORITY  	Id. de inicio de sesión:		0x3E7    Privilegios:		SeAssignPrimaryTokenPrivilege  			SeTcbPrivilege  			SeSecurityPrivilege  			SeTakeOwnershipPrivilege  			SeLoadDriverPrivilege  			SeBackupPrivilege  			SeRestorePrivilege  			SeDebugPrivilege  			SeAuditPrivilege  			SeSystemEnvironmentPrivilege  			SeImpersonatePrivilege  			SeDelegateSessionUserImpersonatePrivilege"
"3/11/2025 18:59:16","4672","Microsoft-Windows-Security-Auditing","Se asignaron privilegios especiales a un nuevo inicio de sesión.    Sujeto:  	Id. de seguridad:		S-1-5-18  	Nombre de cuenta:		SYSTEM  	Dominio de cuenta:		NT AUTHORITY  	Id. de inicio de sesión:		0x3E7    Privilegios:		SeAssignPrimaryTokenPrivilege  			SeTcbPrivilege  			SeSecurityPrivilege  			SeTakeOwnershipPrivilege  			SeLoadDriverPrivilege  			SeBackupPrivilege  			SeRestorePrivilege  			SeDebugPrivilege  			SeAuditPrivilege  			SeSystemEnvironmentPrivilege  			SeImpersonatePrivilege  			SeDelegateSessionUserImpersonatePrivilege"
"3/11/2025 18:59:16","4672","Microsoft-Windows-Security-Auditing","Se asignaron privilegios especiales a un nuevo inicio de sesión.    Sujeto:  	Id. de seguridad:		S-1-5-18  	Nombre de cuenta:		SYSTEM  	Dominio de cuenta:		NT AUTHORITY  	Id. de inicio de sesión:		0x3E7    Privilegios:		SeAssignPrimaryTokenPrivilege  			SeTcbPrivilege  			SeSecurityPrivilege  			SeTakeOwnershipPrivilege  			SeLoadDriverPrivilege  			SeBackupPrivilege  			SeRestorePrivilege  			SeDebugPrivilege  			SeAuditPrivilege  			SeSystemEnvironmentPrivilege  			SeImpersonatePrivilege  			SeDelegateSessionUserImpersonatePrivilege"
"3/11/2025 18:59:15","4672","Microsoft-Windows-Security-Auditing","Se asignaron privilegios especiales a un nuevo inicio de sesión.    Sujeto:  	Id. de seguridad:		S-1-5-18  	Nombre de cuenta:		SYSTEM  	Dominio de cuenta:		NT AUTHORITY  	Id. de inicio de sesión:		0x3E7    Privilegios:		SeAssignPrimaryTokenPrivilege  			SeTcbPrivilege  			SeSecurityPrivilege  			SeTakeOwnershipPrivilege  			SeLoadDriverPrivilege  			SeBackupPrivilege  			SeRestorePrivilege  			SeDebugPrivilege  			SeAuditPrivilege  			SeSystemEnvironmentPrivilege  			SeImpersonatePrivilege  			SeDelegateSessionUserImpersonatePrivilege"
"3/11/2025 18:59:15","4672","Microsoft-Windows-Security-Auditing","Se asignaron privilegios especiales a un nuevo inicio de sesión.    Sujeto:  	Id. de seguridad:		S-1-5-18  	Nombre de cuenta:		SYSTEM  	Dominio de cuenta:		NT AUTHORITY  	Id. de inicio de sesión:		0x3E7    Privilegios:		SeAssignPrimaryTokenPrivilege  			SeTcbPrivilege  			SeSecurityPrivilege  			SeTakeOwnershipPrivilege  			SeLoadDriverPrivilege  			SeBackupPrivilege  			SeRestorePrivilege  			SeDebugPrivilege  			SeAuditPrivilege  			SeSystemEnvironmentPrivilege  			SeImpersonatePrivilege  			SeDelegateSessionUserImpersonatePrivilege"
"3/11/2025 18:59:15","4672","Microsoft-Windows-Security-Auditing","Se asignaron privilegios especiales a un nuevo inicio de sesión.    Sujeto:  	Id. de seguridad:		S-1-5-18  	Nombre de cuenta:		SYSTEM  	Dominio de cuenta:		NT AUTHORITY  	Id. de inicio de sesión:		0x3E7    Privilegios:		SeAssignPrimaryTokenPrivilege  			SeTcbPrivilege  			SeSecurityPrivilege  			SeTakeOwnershipPrivilege  			SeLoadDriverPrivilege  			SeBackupPrivilege  			SeRestorePrivilege  			SeDebugPrivilege  			SeAuditPrivilege  			SeSystemEnvironmentPrivilege  			SeImpersonatePrivilege  			SeDelegateSessionUserImpersonatePrivilege"
"3/11/2025 18:59:15","4672","Microsoft-Windows-Security-Auditing","Se asignaron privilegios especiales a un nuevo inicio de sesión.    Sujeto:  	Id. de seguridad:		S-1-5-18  	Nombre de cuenta:		SYSTEM  	Dominio de cuenta:		NT AUTHORITY  	Id. de inicio de sesión:		0x3E7    Privilegios:		SeAssignPrimaryTokenPrivilege  			SeTcbPrivilege  			SeSecurityPrivilege  			SeTakeOwnershipPrivilege  			SeLoadDriverPrivilege  			SeBackupPrivilege  			SeRestorePrivilege  			SeDebugPrivilege  			SeAuditPrivilege  			SeSystemEnvironmentPrivilege  			SeImpersonatePrivilege  			SeDelegateSessionUserImpersonatePrivilege"
"3/11/2025 18:59:15","4672","Microsoft-Windows-Security-Auditing","Se asignaron privilegios especiales a un nuevo inicio de sesión.    Sujeto:  	Id. de seguridad:		S-1-5-18  	Nombre de cuenta:		SYSTEM  	Dominio de cuenta:		NT AUTHORITY  	Id. de inicio de sesión:		0x3E7    Privilegios:		SeAssignPrimaryTokenPrivilege  			SeTcbPrivilege  			SeSecurityPrivilege  			SeTakeOwnershipPrivilege  			SeLoadDriverPrivilege  			SeBackupPrivilege  			SeRestorePrivilege  			SeDebugPrivilege  			SeAuditPrivilege  			SeSystemEnvironmentPrivilege  			SeImpersonatePrivilege  			SeDelegateSessionUserImpersonatePrivilege"
"3/11/2025 18:59:15","4672","Microsoft-Windows-Security-Auditing","Se asignaron privilegios especiales a un nuevo inicio de sesión.    Sujeto:  	Id. de seguridad:		S-1-5-18  	Nombre de cuenta:		SYSTEM  	Dominio de cuenta:		NT AUTHORITY  	Id. de inicio de sesión:		0x3E7    Privilegios:		SeAssignPrimaryTokenPrivilege  			SeTcbPrivilege  			SeSecurityPrivilege  			SeTakeOwnershipPrivilege  			SeLoadDriverPrivilege  			SeBackupPrivilege  			SeRestorePrivilege  			SeDebugPrivilege  			SeAuditPrivilege  			SeSystemEnvironmentPrivilege  			SeImpersonatePrivilege  			SeDelegateSessionUserImpersonatePrivilege"
"3/11/2025 18:59:15","4672","Microsoft-Windows-Security-Auditing","Se asignaron privilegios especiales a un nuevo inicio de sesión.    Sujeto:  	Id. de seguridad:		S-1-5-18  	Nombre de cuenta:		SYSTEM  	Dominio de cuenta:		NT AUTHORITY  	Id. de inicio de sesión:		0x3E7    Privilegios:		SeAssignPrimaryTokenPrivilege  			SeTcbPrivilege  			SeSecurityPrivilege  			SeTakeOwnershipPrivilege  			SeLoadDriverPrivilege  			SeBackupPrivilege  			SeRestorePrivilege  			SeDebugPrivilege  			SeAuditPrivilege  			SeSystemEnvironmentPrivilege  			SeImpersonatePrivilege  			SeDelegateSessionUserImpersonatePrivilege"
"3/11/2025 18:59:15","4672","Microsoft-Windows-Security-Auditing","Se asignaron privilegios especiales a un nuevo inicio de sesión.    Sujeto:  	Id. de seguridad:		S-1-5-18  	Nombre de cuenta:		SYSTEM  	Dominio de cuenta:		NT AUTHORITY  	Id. de inicio de sesión:		0x3E7    Privilegios:		SeAssignPrimaryTokenPrivilege  			SeTcbPrivilege  			SeSecurityPrivilege  			SeTakeOwnershipPrivilege  			SeLoadDriverPrivilege  			SeBackupPrivilege  			SeRestorePrivilege  			SeDebugPrivilege  			SeAuditPrivilege  			SeSystemEnvironmentPrivilege  			SeImpersonatePrivilege  			SeDelegateSessionUserImpersonatePrivilege"
"3/11/2025 18:59:15","4672","Microsoft-Windows-Security-Auditing","Se asignaron privilegios especiales a un nuevo inicio de sesión.    Sujeto:  	Id. de seguridad:		S-1-5-18  	Nombre de cuenta:		SYSTEM  	Dominio de cuenta:		NT AUTHORITY  	Id. de inicio de sesión:		0x3E7    Privilegios:		SeAssignPrimaryTokenPrivilege  			SeTcbPrivilege  			SeSecurityPrivilege  			SeTakeOwnershipPrivilege  			SeLoadDriverPrivilege  			SeBackupPrivilege  			SeRestorePrivilege  			SeDebugPrivilege  			SeAuditPrivilege  			SeSystemEnvironmentPrivilege  			SeImpersonatePrivilege  			SeDelegateSessionUserImpersonatePrivilege"
"3/11/2025 18:59:13","4672","Microsoft-Windows-Security-Auditing","Se asignaron privilegios especiales a un nuevo inicio de sesión.    Sujeto:  	Id. de seguridad:		S-1-5-18  	Nombre de cuenta:		SYSTEM  	Dominio de cuenta:		NT AUTHORITY  	Id. de inicio de sesión:		0x3E7    Privilegios:		SeAssignPrimaryTokenPrivilege  			SeTcbPrivilege  			SeSecurityPrivilege  			SeTakeOwnershipPrivilege  			SeLoadDriverPrivilege  			SeBackupPrivilege  			SeRestorePrivilege  			SeDebugPrivilege  			SeAuditPrivilege  			SeSystemEnvironmentPrivilege  			SeImpersonatePrivilege  			SeDelegateSessionUserImpersonatePrivilege"
"3/11/2025 18:59:13","4672","Microsoft-Windows-Security-Auditing","Se asignaron privilegios especiales a un nuevo inicio de sesión.    Sujeto:  	Id. de seguridad:		S-1-5-18  	Nombre de cuenta:		SYSTEM  	Dominio de cuenta:		NT AUTHORITY  	Id. de inicio de sesión:		0x3E7    Privilegios:		SeAssignPrimaryTokenPrivilege  			SeTcbPrivilege  			SeSecurityPrivilege  			SeTakeOwnershipPrivilege  			SeLoadDriverPrivilege  			SeBackupPrivilege  			SeRestorePrivilege  			SeDebugPrivilege  			SeAuditPrivilege  			SeSystemEnvironmentPrivilege  			SeImpersonatePrivilege  			SeDelegateSessionUserImpersonatePrivilege"
"3/11/2025 18:59:13","4672","Microsoft-Windows-Security-Auditing","Se asignaron privilegios especiales a un nuevo inicio de sesión.    Sujeto:  	Id. de seguridad:		S-1-5-18  	Nombre de cuenta:		SYSTEM  	Dominio de cuenta:		NT AUTHORITY  	Id. de inicio de sesión:		0x3E7    Privilegios:		SeAssignPrimaryTokenPrivilege  			SeTcbPrivilege  			SeSecurityPrivilege  			SeTakeOwnershipPrivilege  			SeLoadDriverPrivilege  			SeBackupPrivilege  			SeRestorePrivilege  			SeDebugPrivilege  			SeAuditPrivilege  			SeSystemEnvironmentPrivilege  			SeImpersonatePrivilege  			SeDelegateSessionUserImpersonatePrivilege"
"3/11/2025 18:59:13","4672","Microsoft-Windows-Security-Auditing","Se asignaron privilegios especiales a un nuevo inicio de sesión.    Sujeto:  	Id. de seguridad:		S-1-5-18  	Nombre de cuenta:		SYSTEM  	Dominio de cuenta:		NT AUTHORITY  	Id. de inicio de sesión:		0x3E7    Privilegios:		SeAssignPrimaryTokenPrivilege  			SeTcbPrivilege  			SeSecurityPrivilege  			SeTakeOwnershipPrivilege  			SeLoadDriverPrivilege  			SeBackupPrivilege  			SeRestorePrivilege  			SeDebugPrivilege  			SeAuditPrivilege  			SeSystemEnvironmentPrivilege  			SeImpersonatePrivilege  			SeDelegateSessionUserImpersonatePrivilege"
"3/11/2025 18:59:13","4672","Microsoft-Windows-Security-Auditing","Se asignaron privilegios especiales a un nuevo inicio de sesión.    Sujeto:  	Id. de seguridad:		S-1-5-18  	Nombre de cuenta:		SYSTEM  	Dominio de cuenta:		NT AUTHORITY  	Id. de inicio de sesión:		0x3E7    Privilegios:		SeAssignPrimaryTokenPrivilege  			SeTcbPrivilege  			SeSecurityPrivilege  			SeTakeOwnershipPrivilege  			SeLoadDriverPrivilege  			SeBackupPrivilege  			SeRestorePrivilege  			SeDebugPrivilege  			SeAuditPrivilege  			SeSystemEnvironmentPrivilege  			SeImpersonatePrivilege  			SeDelegateSessionUserImpersonatePrivilege"
"3/11/2025 18:59:13","4672","Microsoft-Windows-Security-Auditing","Se asignaron privilegios especiales a un nuevo inicio de sesión.    Sujeto:  	Id. de seguridad:		S-1-5-18  	Nombre de cuenta:		SYSTEM  	Dominio de cuenta:		NT AUTHORITY  	Id. de inicio de sesión:		0x3E7    Privilegios:		SeAssignPrimaryTokenPrivilege  			SeTcbPrivilege  			SeSecurityPrivilege  			SeTakeOwnershipPrivilege  			SeLoadDriverPrivilege  			SeBackupPrivilege  			SeRestorePrivilege  			SeDebugPrivilege  			SeAuditPrivilege  			SeSystemEnvironmentPrivilege  			SeImpersonatePrivilege  			SeDelegateSessionUserImpersonatePrivilege"
