"27/10/2025 21:46:57","4672","Microsoft-Windows-Security-Auditing","Se asignaron privilegios especiales a un nuevo inicio de sesión.    Sujeto:  	Id. de seguridad:		S-1-5-18  	Nombre de cuenta:		SYSTEM  	Dominio de cuenta:		NT AUTHORITY  	Id. de inicio de sesión:		0x3E7    Privilegios:		SeAssignPrimaryTokenPrivilege  			SeTcbPrivilege  			SeSecurityPrivilege  			SeTakeOwnershipPrivilege  			SeLoadDriverPrivilege  			SeBackupPrivilege  			SeRestorePrivilege  			SeDebugPrivilege  			SeAuditPrivilege  			SeSystemEnvironmentPrivilege  			SeImpersonatePrivilege  			SeDelegateSessionUserImpersonatePrivilege"
"27/10/2025 21:46:46","4672","Microsoft-Windows-Security-Auditing","Se asignaron privilegios especiales a un nuevo inicio de sesión.    Sujeto:  	Id. de seguridad:		S-1-5-18  	Nombre de cuenta:		SYSTEM  	Dominio de cuenta:		NT AUTHORITY  	Id. de inicio de sesión:		0x3E7    Privilegios:		SeAssignPrimaryTokenPrivilege  			SeTcbPrivilege  			SeSecurityPrivilege  			SeTakeOwnershipPrivilege  			SeLoadDriverPrivilege  			SeBackupPrivilege  			SeRestorePrivilege  			SeDebugPrivilege  			SeAuditPrivilege  			SeSystemEnvironmentPrivilege  			SeImpersonatePrivilege  			SeDelegateSessionUserImpersonatePrivilege"
"27/10/2025 21:32:03","4672","Microsoft-Windows-Security-Auditing","Se asignaron privilegios especiales a un nuevo inicio de sesión.    Sujeto:  	Id. de seguridad:		S-1-5-18  	Nombre de cuenta:		SYSTEM  	Dominio de cuenta:		NT AUTHORITY  	Id. de inicio de sesión:		0x3E7    Privilegios:		SeAssignPrimaryTokenPrivilege  			SeTcbPrivilege  			SeSecurityPrivilege  			SeTakeOwnershipPrivilege  			SeLoadDriverPrivilege  			SeBackupPrivilege  			SeRestorePrivilege  			SeDebugPrivilege  			SeAuditPrivilege  			SeSystemEnvironmentPrivilege  			SeImpersonatePrivilege  			SeDelegateSessionUserImpersonatePrivilege"
"27/10/2025 21:29:13","4672","Microsoft-Windows-Security-Auditing","Se asignaron privilegios especiales a un nuevo inicio de sesión.    Sujeto:  	Id. de seguridad:		S-1-5-18  	Nombre de cuenta:		SYSTEM  	Dominio de cuenta:		NT AUTHORITY  	Id. de inicio de sesión:		0x3E7    Privilegios:		SeAssignPrimaryTokenPrivilege  			SeTcbPrivilege  			SeSecurityPrivilege  			SeTakeOwnershipPrivilege  			SeLoadDriverPrivilege  			SeBackupPrivilege  			SeRestorePrivilege  			SeDebugPrivilege  			SeAuditPrivilege  			SeSystemEnvironmentPrivilege  			SeImpersonatePrivilege  			SeDelegateSessionUserImpersonatePrivilege"
"27/10/2025 21:21:25","4672","Microsoft-Windows-Security-Auditing","Se asignaron privilegios especiales a un nuevo inicio de sesión.    Sujeto:  	Id. de seguridad:		S-1-5-18  	Nombre de cuenta:		SYSTEM  	Dominio de cuenta:		NT AUTHORITY  	Id. de inicio de sesión:		0x3E7    Privilegios:		SeAssignPrimaryTokenPrivilege  			SeTcbPrivilege  			SeSecurityPrivilege  			SeTakeOwnershipPrivilege  			SeLoadDriverPrivilege  			SeBackupPrivilege  			SeRestorePrivilege  			SeDebugPrivilege  			SeAuditPrivilege  			SeSystemEnvironmentPrivilege  			SeImpersonatePrivilege  			SeDelegateSessionUserImpersonatePrivilege"
